<?xml version="1.0" encoding="UTF-8"?>
<!-- Generated by org.testng.reporters.JUnitReportReporter -->
<testsuite hostname="ITSMMJ38YZ3W" name="com.discount.test.utils.AppMain" tests="1" failures="0" timestamp="5 Apr 2016 19:59:46 GMT" time="0.776" errors="0">
  <testcase name="setup" time="0.776" classname="com.discount.test.utils.AppMain"/>
</testsuite> <!-- com.discount.test.utils.AppMain -->
