<?xml version="1.0" encoding="UTF-8"?>
<!-- Generated by org.testng.reporters.JUnitReportReporter -->
<testsuite hostname="ITSMMJ38YZ3W" name="com.discount.test.utils.BrowserFactory" tests="1" failures="0" timestamp="5 Apr 2016 19:54:45 GMT" time="0.014" errors="0">
  <testcase name="readValues" time="0.014" classname="com.discount.test.utils.BrowserFactory"/>
</testsuite> <!-- com.discount.test.utils.BrowserFactory -->
