<?xml version="1.0" encoding="UTF-8"?>
<!-- Generated by org.testng.reporters.JUnitReportReporter -->
<testsuite hostname="ITSMMJ38YZ3W" name="com.discount.automation.automation_epic.TestNGExample" tests="1" failures="0" timestamp="8 Apr 2016 00:21:41 GMT" time="5.554" errors="0">
  <testcase name="testDTC" time="5.554" classname="com.discount.automation.automation_epic.TestNGExample"/>
</testsuite> <!-- com.discount.automation.automation_epic.TestNGExample -->
