<?xml version="1.0" encoding="UTF-8"?>
<!-- Generated by org.testng.reporters.JUnitReportReporter -->
<testsuite hostname="ITSMMJ38YZ3W" name="com.discount.automation.automation_epic.SeleniumALMIntegrationExample" tests="1" failures="1" timestamp="28 Mar 2016 22:16:14 GMT" time="0.062" errors="0">
  <testcase name="updateResults" time="0.062" classname="com.discount.automation.automation_epic.SeleniumALMIntegrationExample">
    <failure type="atu.alm.wrapper.exceptions.ALMServiceException" message="Please Register the OTAClient.dll with your system">
      <![CDATA[ALM Service Wrapper Exception Details:  Please Register the OTAClient.dll with your system
	at atu.alm.wrapper.ALMServiceWrapper.connectToOTA(ALMServiceWrapper.java:110)
	at atu.alm.wrapper.ALMServiceWrapper.connect(ALMServiceWrapper.java:74)
	at com.discount.automation.automation_epic.SeleniumALMIntegrationExample.updateResults(SeleniumALMIntegrationExample.java:46)
	at sun.reflect.NativeMethodAccessorImpl.invoke0(Native Method)
	at sun.reflect.NativeMethodAccessorImpl.invoke(NativeMethodAccessorImpl.java:57)
	at sun.reflect.DelegatingMethodAccessorImpl.invoke(DelegatingMethodAccessorImpl.java:43)
	at java.lang.reflect.Method.invoke(Method.java:606)
	at org.testng.internal.MethodInvocationHelper.invokeMethod(MethodInvocationHelper.java:80)
	at org.testng.internal.Invoker.invokeMethod(Invoker.java:714)
	at org.testng.internal.Invoker.invokeTestMethod(Invoker.java:901)
	at org.testng.internal.Invoker.invokeTestMethods(Invoker.java:1231)
	at org.testng.internal.TestMethodWorker.invokeTestMethods(TestMethodWorker.java:127)
	at org.testng.internal.TestMethodWorker.run(TestMethodWorker.java:111)
	at org.testng.TestRunner.privateRun(TestRunner.java:767)
	at org.testng.TestRunner.run(TestRunner.java:617)
	at org.testng.SuiteRunner.runTest(SuiteRunner.java:334)
	at org.testng.SuiteRunner.runSequentially(SuiteRunner.java:329)
	at org.testng.SuiteRunner.privateRun(SuiteRunner.java:291)
	at org.testng.SuiteRunner.run(SuiteRunner.java:240)
	at org.testng.SuiteRunnerWorker.runSuite(SuiteRunnerWorker.java:52)
	at org.testng.SuiteRunnerWorker.run(SuiteRunnerWorker.java:86)
	at org.testng.TestNG.runSuitesSequentially(TestNG.java:1198)
	at org.testng.TestNG.runSuitesLocally(TestNG.java:1123)
	at org.testng.TestNG.run(TestNG.java:1031)
	at org.testng.remote.RemoteTestNG.run(RemoteTestNG.java:115)
	at org.testng.remote.RemoteTestNG.initAndRun(RemoteTestNG.java:207)
	at org.testng.remote.RemoteTestNG.main(RemoteTestNG.java:178)
]]>
    </failure>
  </testcase> <!-- updateResults -->
</testsuite> <!-- com.discount.automation.automation_epic.SeleniumALMIntegrationExample -->
