<?xml version="1.0" encoding="UTF-8"?>
<!-- Generated by org.testng.reporters.JUnitReportReporter -->
<testsuite hostname="ITSMMJ38YZ3W" name="com.discount.automation.tests.ProdReviewTest" tests="162" failures="0" timestamp="10 May 2016 21:33:39 GMT" time="5823.787" errors="0">
  <testcase name="prodReview" time="25.781" classname="com.discount.automation.tests.ProdReviewTest"/>
  <testcase name="prodReview" time="28.873" classname="com.discount.automation.tests.ProdReviewTest"/>
  <testcase name="prodReview" time="27.308" classname="com.discount.automation.tests.ProdReviewTest"/>
  <testcase name="prodReview" time="28.083" classname="com.discount.automation.tests.ProdReviewTest"/>
  <testcase name="prodReview" time="38.722" classname="com.discount.automation.tests.ProdReviewTest"/>
  <testcase name="prodReview" time="38.276" classname="com.discount.automation.tests.ProdReviewTest"/>
  <testcase name="prodReview" time="23.016" classname="com.discount.automation.tests.ProdReviewTest"/>
  <testcase name="prodReview" time="38.201" classname="com.discount.automation.tests.ProdReviewTest"/>
  <testcase name="prodReview" time="26.946" classname="com.discount.automation.tests.ProdReviewTest"/>
  <testcase name="prodReview" time="26.398" classname="com.discount.automation.tests.ProdReviewTest"/>
  <testcase name="prodReview" time="38.563" classname="com.discount.automation.tests.ProdReviewTest"/>
  <testcase name="prodReview" time="22.377" classname="com.discount.automation.tests.ProdReviewTest"/>
  <testcase name="prodReview" time="42.257" classname="com.discount.automation.tests.ProdReviewTest"/>
  <testcase name="prodReview" time="36.387" classname="com.discount.automation.tests.ProdReviewTest"/>
  <testcase name="prodReview" time="29.718" classname="com.discount.automation.tests.ProdReviewTest"/>
  <testcase name="prodReview" time="24.124" classname="com.discount.automation.tests.ProdReviewTest"/>
  <testcase name="prodReview" time="34.139" classname="com.discount.automation.tests.ProdReviewTest"/>
  <testcase name="prodReview" time="44.452" classname="com.discount.automation.tests.ProdReviewTest"/>
  <testcase name="prodReview" time="31.775" classname="com.discount.automation.tests.ProdReviewTest"/>
  <testcase name="prodReview" time="33.705" classname="com.discount.automation.tests.ProdReviewTest"/>
  <testcase name="prodReview" time="53.509" classname="com.discount.automation.tests.ProdReviewTest"/>
  <testcase name="prodReview" time="39.717" classname="com.discount.automation.tests.ProdReviewTest"/>
  <testcase name="prodReview" time="25.428" classname="com.discount.automation.tests.ProdReviewTest"/>
  <testcase name="prodReview" time="36.669" classname="com.discount.automation.tests.ProdReviewTest"/>
  <testcase name="prodReview" time="25.247" classname="com.discount.automation.tests.ProdReviewTest"/>
  <testcase name="prodReview" time="52.476" classname="com.discount.automation.tests.ProdReviewTest"/>
  <testcase name="prodReview" time="22.440" classname="com.discount.automation.tests.ProdReviewTest"/>
  <testcase name="prodReview" time="28.244" classname="com.discount.automation.tests.ProdReviewTest"/>
  <testcase name="prodReview" time="49.690" classname="com.discount.automation.tests.ProdReviewTest"/>
  <testcase name="prodReview" time="25.756" classname="com.discount.automation.tests.ProdReviewTest"/>
  <testcase name="prodReview" time="31.399" classname="com.discount.automation.tests.ProdReviewTest"/>
  <testcase name="prodReview" time="25.616" classname="com.discount.automation.tests.ProdReviewTest"/>
  <testcase name="prodReview" time="42.302" classname="com.discount.automation.tests.ProdReviewTest"/>
  <testcase name="prodReview" time="41.254" classname="com.discount.automation.tests.ProdReviewTest"/>
  <testcase name="prodReview" time="45.761" classname="com.discount.automation.tests.ProdReviewTest"/>
  <testcase name="prodReview" time="30.705" classname="com.discount.automation.tests.ProdReviewTest"/>
  <testcase name="prodReview" time="21.942" classname="com.discount.automation.tests.ProdReviewTest"/>
  <testcase name="prodReview" time="29.433" classname="com.discount.automation.tests.ProdReviewTest"/>
  <testcase name="prodReview" time="31.957" classname="com.discount.automation.tests.ProdReviewTest"/>
  <testcase name="prodReview" time="46.730" classname="com.discount.automation.tests.ProdReviewTest"/>
  <testcase name="prodReview" time="37.366" classname="com.discount.automation.tests.ProdReviewTest"/>
  <testcase name="prodReview" time="30.063" classname="com.discount.automation.tests.ProdReviewTest"/>
  <testcase name="prodReview" time="48.738" classname="com.discount.automation.tests.ProdReviewTest"/>
  <testcase name="prodReview" time="47.224" classname="com.discount.automation.tests.ProdReviewTest"/>
  <testcase name="prodReview" time="30.036" classname="com.discount.automation.tests.ProdReviewTest"/>
  <testcase name="prodReview" time="37.114" classname="com.discount.automation.tests.ProdReviewTest"/>
  <testcase name="prodReview" time="45.572" classname="com.discount.automation.tests.ProdReviewTest"/>
  <testcase name="prodReview" time="46.342" classname="com.discount.automation.tests.ProdReviewTest"/>
  <testcase name="prodReview" time="29.236" classname="com.discount.automation.tests.ProdReviewTest"/>
  <testcase name="prodReview" time="31.184" classname="com.discount.automation.tests.ProdReviewTest"/>
  <testcase name="prodReview" time="31.926" classname="com.discount.automation.tests.ProdReviewTest"/>
  <testcase name="prodReview" time="49.705" classname="com.discount.automation.tests.ProdReviewTest"/>
  <testcase name="prodReview" time="33.192" classname="com.discount.automation.tests.ProdReviewTest"/>
  <testcase name="prodReview" time="35.538" classname="com.discount.automation.tests.ProdReviewTest"/>
  <testcase name="prodReview" time="33.655" classname="com.discount.automation.tests.ProdReviewTest"/>
  <testcase name="prodReview" time="35.663" classname="com.discount.automation.tests.ProdReviewTest"/>
  <testcase name="prodReview" time="26.613" classname="com.discount.automation.tests.ProdReviewTest"/>
  <testcase name="prodReview" time="37.694" classname="com.discount.automation.tests.ProdReviewTest"/>
  <testcase name="prodReview" time="22.770" classname="com.discount.automation.tests.ProdReviewTest"/>
  <testcase name="prodReview" time="30.913" classname="com.discount.automation.tests.ProdReviewTest"/>
  <testcase name="prodReview" time="26.382" classname="com.discount.automation.tests.ProdReviewTest"/>
  <testcase name="prodReview" time="48.929" classname="com.discount.automation.tests.ProdReviewTest"/>
  <testcase name="prodReview" time="50.131" classname="com.discount.automation.tests.ProdReviewTest"/>
  <testcase name="prodReview" time="22.457" classname="com.discount.automation.tests.ProdReviewTest"/>
  <testcase name="prodReview" time="48.308" classname="com.discount.automation.tests.ProdReviewTest"/>
  <testcase name="prodReview" time="22.355" classname="com.discount.automation.tests.ProdReviewTest"/>
  <testcase name="prodReview" time="38.377" classname="com.discount.automation.tests.ProdReviewTest"/>
  <testcase name="prodReview" time="23.152" classname="com.discount.automation.tests.ProdReviewTest"/>
  <testcase name="prodReview" time="24.310" classname="com.discount.automation.tests.ProdReviewTest"/>
  <testcase name="prodReview" time="49.464" classname="com.discount.automation.tests.ProdReviewTest"/>
  <testcase name="prodReview" time="23.953" classname="com.discount.automation.tests.ProdReviewTest"/>
  <testcase name="prodReview" time="53.621" classname="com.discount.automation.tests.ProdReviewTest"/>
  <testcase name="prodReview" time="22.377" classname="com.discount.automation.tests.ProdReviewTest"/>
  <testcase name="prodReview" time="54.136" classname="com.discount.automation.tests.ProdReviewTest"/>
  <testcase name="prodReview" time="51.967" classname="com.discount.automation.tests.ProdReviewTest"/>
  <testcase name="prodReview" time="41.657" classname="com.discount.automation.tests.ProdReviewTest"/>
  <testcase name="prodReview" time="27.034" classname="com.discount.automation.tests.ProdReviewTest"/>
  <testcase name="prodReview" time="54.549" classname="com.discount.automation.tests.ProdReviewTest"/>
  <testcase name="prodReview" time="49.621" classname="com.discount.automation.tests.ProdReviewTest"/>
  <testcase name="prodReview" time="22.353" classname="com.discount.automation.tests.ProdReviewTest"/>
  <testcase name="prodReview" time="23.950" classname="com.discount.automation.tests.ProdReviewTest"/>
  <testcase name="prodReview" time="31.857" classname="com.discount.automation.tests.ProdReviewTest"/>
  <testcase name="prodReview" time="34.731" classname="com.discount.automation.tests.ProdReviewTest"/>
  <testcase name="prodReview" time="34.790" classname="com.discount.automation.tests.ProdReviewTest"/>
  <testcase name="prodReview" time="41.782" classname="com.discount.automation.tests.ProdReviewTest"/>
  <testcase name="prodReview" time="32.903" classname="com.discount.automation.tests.ProdReviewTest"/>
  <testcase name="prodReview" time="45.217" classname="com.discount.automation.tests.ProdReviewTest"/>
  <testcase name="prodReview" time="34.689" classname="com.discount.automation.tests.ProdReviewTest"/>
  <testcase name="prodReview" time="26.492" classname="com.discount.automation.tests.ProdReviewTest"/>
  <testcase name="prodReview" time="40.839" classname="com.discount.automation.tests.ProdReviewTest"/>
  <testcase name="prodReview" time="27.184" classname="com.discount.automation.tests.ProdReviewTest"/>
  <testcase name="prodReview" time="42.732" classname="com.discount.automation.tests.ProdReviewTest"/>
  <testcase name="prodReview" time="47.854" classname="com.discount.automation.tests.ProdReviewTest"/>
  <testcase name="prodReview" time="21.993" classname="com.discount.automation.tests.ProdReviewTest"/>
  <testcase name="prodReview" time="31.847" classname="com.discount.automation.tests.ProdReviewTest"/>
  <testcase name="prodReview" time="44.592" classname="com.discount.automation.tests.ProdReviewTest"/>
  <testcase name="prodReview" time="26.406" classname="com.discount.automation.tests.ProdReviewTest"/>
  <testcase name="prodReview" time="28.701" classname="com.discount.automation.tests.ProdReviewTest"/>
  <testcase name="prodReview" time="40.396" classname="com.discount.automation.tests.ProdReviewTest"/>
  <testcase name="prodReview" time="22.579" classname="com.discount.automation.tests.ProdReviewTest"/>
  <testcase name="prodReview" time="52.039" classname="com.discount.automation.tests.ProdReviewTest"/>
  <testcase name="prodReview" time="20.398" classname="com.discount.automation.tests.ProdReviewTest"/>
  <testcase name="prodReview" time="37.889" classname="com.discount.automation.tests.ProdReviewTest"/>
  <testcase name="prodReview" time="24.767" classname="com.discount.automation.tests.ProdReviewTest"/>
  <testcase name="prodReview" time="46.909" classname="com.discount.automation.tests.ProdReviewTest"/>
  <testcase name="prodReview" time="29.360" classname="com.discount.automation.tests.ProdReviewTest"/>
  <testcase name="prodReview" time="30.197" classname="com.discount.automation.tests.ProdReviewTest"/>
  <testcase name="prodReview" time="25.345" classname="com.discount.automation.tests.ProdReviewTest"/>
  <testcase name="prodReview" time="39.097" classname="com.discount.automation.tests.ProdReviewTest"/>
  <testcase name="prodReview" time="22.528" classname="com.discount.automation.tests.ProdReviewTest"/>
  <testcase name="prodReview" time="46.254" classname="com.discount.automation.tests.ProdReviewTest"/>
  <testcase name="prodReview" time="44.287" classname="com.discount.automation.tests.ProdReviewTest"/>
  <testcase name="prodReview" time="25.332" classname="com.discount.automation.tests.ProdReviewTest"/>
  <testcase name="prodReview" time="40.406" classname="com.discount.automation.tests.ProdReviewTest"/>
  <testcase name="prodReview" time="52.048" classname="com.discount.automation.tests.ProdReviewTest"/>
  <testcase name="prodReview" time="51.570" classname="com.discount.automation.tests.ProdReviewTest"/>
  <testcase name="prodReview" time="32.291" classname="com.discount.automation.tests.ProdReviewTest"/>
  <testcase name="prodReview" time="23.088" classname="com.discount.automation.tests.ProdReviewTest"/>
  <testcase name="prodReview" time="24.571" classname="com.discount.automation.tests.ProdReviewTest"/>
  <testcase name="prodReview" time="24.066" classname="com.discount.automation.tests.ProdReviewTest"/>
  <testcase name="prodReview" time="25.787" classname="com.discount.automation.tests.ProdReviewTest"/>
  <testcase name="prodReview" time="46.676" classname="com.discount.automation.tests.ProdReviewTest"/>
  <testcase name="prodReview" time="39.072" classname="com.discount.automation.tests.ProdReviewTest"/>
  <testcase name="prodReview" time="47.734" classname="com.discount.automation.tests.ProdReviewTest"/>
  <testcase name="prodReview" time="53.337" classname="com.discount.automation.tests.ProdReviewTest"/>
  <testcase name="prodReview" time="24.142" classname="com.discount.automation.tests.ProdReviewTest"/>
  <testcase name="prodReview" time="52.199" classname="com.discount.automation.tests.ProdReviewTest"/>
  <testcase name="prodReview" time="40.926" classname="com.discount.automation.tests.ProdReviewTest"/>
  <testcase name="prodReview" time="26.456" classname="com.discount.automation.tests.ProdReviewTest"/>
  <testcase name="prodReview" time="25.136" classname="com.discount.automation.tests.ProdReviewTest"/>
  <testcase name="prodReview" time="40.459" classname="com.discount.automation.tests.ProdReviewTest"/>
  <testcase name="prodReview" time="22.918" classname="com.discount.automation.tests.ProdReviewTest"/>
  <testcase name="prodReview" time="30.066" classname="com.discount.automation.tests.ProdReviewTest"/>
  <testcase name="prodReview" time="49.139" classname="com.discount.automation.tests.ProdReviewTest"/>
  <testcase name="prodReview" time="26.621" classname="com.discount.automation.tests.ProdReviewTest"/>
  <testcase name="prodReview" time="32.411" classname="com.discount.automation.tests.ProdReviewTest"/>
  <testcase name="prodReview" time="42.372" classname="com.discount.automation.tests.ProdReviewTest"/>
  <testcase name="prodReview" time="31.152" classname="com.discount.automation.tests.ProdReviewTest"/>
  <testcase name="prodReview" time="46.219" classname="com.discount.automation.tests.ProdReviewTest"/>
  <testcase name="prodReview" time="23.420" classname="com.discount.automation.tests.ProdReviewTest"/>
  <testcase name="prodReview" time="41.770" classname="com.discount.automation.tests.ProdReviewTest"/>
  <testcase name="prodReview" time="40.428" classname="com.discount.automation.tests.ProdReviewTest"/>
  <testcase name="prodReview" time="33.528" classname="com.discount.automation.tests.ProdReviewTest"/>
  <testcase name="prodReview" time="48.119" classname="com.discount.automation.tests.ProdReviewTest"/>
  <testcase name="prodReview" time="20.722" classname="com.discount.automation.tests.ProdReviewTest"/>
  <testcase name="prodReview" time="35.787" classname="com.discount.automation.tests.ProdReviewTest"/>
  <testcase name="prodReview" time="28.843" classname="com.discount.automation.tests.ProdReviewTest"/>
  <testcase name="prodReview" time="29.640" classname="com.discount.automation.tests.ProdReviewTest"/>
  <testcase name="prodReview" time="49.371" classname="com.discount.automation.tests.ProdReviewTest"/>
  <testcase name="prodReview" time="49.638" classname="com.discount.automation.tests.ProdReviewTest"/>
  <testcase name="prodReview" time="28.353" classname="com.discount.automation.tests.ProdReviewTest"/>
  <testcase name="prodReview" time="50.161" classname="com.discount.automation.tests.ProdReviewTest"/>
  <testcase name="prodReview" time="50.864" classname="com.discount.automation.tests.ProdReviewTest"/>
  <testcase name="prodReview" time="52.203" classname="com.discount.automation.tests.ProdReviewTest"/>
  <testcase name="prodReview" time="38.404" classname="com.discount.automation.tests.ProdReviewTest"/>
  <testcase name="prodReview" time="49.613" classname="com.discount.automation.tests.ProdReviewTest"/>
  <testcase name="prodReview" time="35.464" classname="com.discount.automation.tests.ProdReviewTest"/>
  <testcase name="prodReview" time="26.044" classname="com.discount.automation.tests.ProdReviewTest"/>
  <testcase name="prodReview" time="41.302" classname="com.discount.automation.tests.ProdReviewTest"/>
  <testcase name="prodReview" time="53.716" classname="com.discount.automation.tests.ProdReviewTest"/>
  <testcase name="prodReview" time="50.794" classname="com.discount.automation.tests.ProdReviewTest"/>
  <testcase name="prodReview" time="47.752" classname="com.discount.automation.tests.ProdReviewTest"/>
</testsuite> <!-- com.discount.automation.tests.ProdReviewTest -->
